<testsuite name="CodexVS22.Tests" tests="26" failures="0" time="0.112">
  <testcase name="AgentMessageEvents_CorrelateDeltaAndFinal" time="0.016"></testcase>
  <testcase name="ParallelTurns_CorrelateIndependently" time="0.000"></testcase>
  <testcase name="ParallelTurns_TaskCompleteCleansState" time="0.000"></testcase>
  <testcase name="UserInputSubmission_LongInput_RoundTrips" time="0.013"></testcase>
  <testcase name="UserInputSubmission_NonAscii_RoundTrips" time="0.000"></testcase>
  <testcase name="UserInputSubmission_PasteFlowPreservesLines" time="0.000"></testcase>
  <testcase name="NormalizeAssistantText_NormalizesSmartQuotes" time="0.011"></testcase>
  <testcase name="ExecApprovalSubmission_MatchesRequest" time="0.001"></testcase>
  <testcase name="PatchApprovalSubmission_MatchesRequest" time="0.000"></testcase>
  <testcase name="RememberedExecApprovals_AreHonored" time="0.000"></testcase>
  <testcase name="RememberedPatchApprovals_AreHonored" time="0.000"></testcase>
  <testcase name="DiffParsing_WithFilesArray_ParsesDocuments" time="0.002"></testcase>
  <testcase name="DiffParsing_MarksBinaryAndEmpty" time="0.000"></testcase>
  <testcase name="PatchApply_WithMatchingOriginal_WritesFile" time="0.002"></testcase>
  <testcase name="PatchApply_WithMismatchedOriginal_ReportsConflict" time="0.000"></testcase>
  <testcase name="PatchApply_RespectsReadOnlyFiles" time="0.000"></testcase>
  <testcase name="ExecTranscriptTracker_HandlesAnsiAndTrim" time="0.002"></testcase>
  <testcase name="ExecTranscriptTracker_CancelClearsState" time="0.000"></testcase>
  <testcase name="ExecConsole_LongRapidStream_Responsive" time="0.001"></testcase>
  <testcase name="ExtractMcpTools_ParsesValidResponse" time="0.001"></testcase>
  <testcase name="ExtractMcpTools_HandlesEmptyResponse" time="0.000"></testcase>
  <testcase name="ExtractCustomPrompts_ParsesValidResponse" time="0.001"></testcase>
  <testcase name="ExtractCustomPrompts_HandlesEmptyResponse" time="0.000"></testcase>
  <testcase name="CodexOptions_ExportToJson" time="0.008"></testcase>
  <testcase name="CodexOptions_ImportFromJson" time="0.051"></testcase>
  <testcase name="CodexOptions_GetEffectiveValues" time="0.000"></testcase>
</testsuite>
